\BOOKMARK [1][-]{section.1}{\376\377\000I\000n\000t\000r\000o\000d\000u\000c\000t\000i\000o\000n}{}% 1
\BOOKMARK [1][-]{section.2}{\376\377\000R\000\351\000s\000i\000s\000t\000a\000n\000c\000e}{}% 2
\BOOKMARK [2][-]{subsection.2.1}{\376\377\000R\000\351\000s\000i\000s\000t\000a\000n\000c\000e\000\040\000\340\000\040\000u\000s\000a\000g\000e\000\040\000g\000\351\000n\000\351\000r\000a\000l\000e}{section.2}% 3
\BOOKMARK [2][-]{subsection.2.2}{\376\377\000R\000\351\000s\000i\000s\000t\000a\000n\000c\000e\000\040\000v\000a\000r\000i\000a\000b\000l\000e\000\040\000\050\000t\000r\000i\000m\000i\000n\000g\000\040\000P\000o\000t\000e\000n\000t\000i\000o\000m\000e\000t\000e\000r\000\051}{section.2}% 4
\BOOKMARK [1][-]{section.3}{\376\377\000C\000o\000n\000d\000e\000n\000s\000a\000t\000e\000u\000r\000s}{}% 5
\BOOKMARK [1][-]{section.4}{\376\377\000T\000i\000m\000e\000r\000\040\000e\000t\000\040\000d\000\351\000r\000i\000v\000\351\000e\000\040\0005\0005\0005}{}% 6
\BOOKMARK [1][-]{section.5}{\376\377\000C\000o\000m\000p\000a\000r\000a\000t\000e\000u\000r\000\040\000d\000e\000\040\000T\000e\000n\000s\000i\000o\000n}{}% 7
\BOOKMARK [2][-]{subsection.5.1}{\376\377\000C\000o\000m\000p\000a\000r\000a\000t\000e\000u\000r\000\040\000S\000i\000m\000p\000l\000e}{section.5}% 8
\BOOKMARK [2][-]{subsection.5.2}{\376\377\000C\000o\000m\000p\000a\000r\000a\000t\000e\000u\000r\000\040\000d\000o\000u\000b\000l\000e}{section.5}% 9
\BOOKMARK [1][-]{section.6}{\376\377\000A\000l\000i\000m\000e\000n\000t\000a\000t\000i\000o\000n\000\040\000R\000\351\000g\000u\000l\000\351}{}% 10
\BOOKMARK [2][-]{subsection.6.1}{\376\377\000A\000l\000i\000m\000e\000n\000t\000a\000t\000i\000o\000n\000\040\000a\000b\000a\000i\000s\000s\000e\000u\000r\000\040\000d\000e\000\040\000t\000e\000n\000s\000i\000o\000n}{section.6}% 11
\BOOKMARK [2][-]{subsection.6.2}{\376\377\000A\000l\000i\000m\000e\000n\000t\000a\000t\000i\000o\000n\000\040\000d\000'\000i\000s\000o\000l\000a\000t\000i\000o\000n}{section.6}% 12
\BOOKMARK [1][-]{section.7}{\376\377\000\040\000P\000o\000r\000t\000e\000\040\000L\000o\000g\000i\000q\000u\000e\000\040}{}% 13
\BOOKMARK [1][-]{section.8}{\376\377\000O\000p\000t\000o\000-\000c\000o\000u\000p\000l\000e\000u\000r}{}% 14
\BOOKMARK [1][-]{section.9}{\376\377\000B\000a\000s\000c\000u\000l\000e\000\040\000D}{}% 15
\BOOKMARK [1][-]{section.10}{\376\377\000D\000i\000o\000d\000e}{}% 16
\BOOKMARK [1][-]{section.11}{\376\377\000M\000o\000s\000f\000e\000t}{}% 17
\BOOKMARK [1][-]{section.12}{\376\377\000C\000o\000n\000n\000e\000c\000t\000e\000u\000r}{}% 18
\BOOKMARK [1][-]{section.13}{\376\377\000A\000n\000n\000e\000x\000e\000s}{}% 19
\BOOKMARK [2][-]{subsection.13.1}{\376\377\000L\000i\000s\000t\000e\000\040\000d\000e\000\040\000t\000o\000u\000s\000\040\000l\000e\000s\000\040\000c\000o\000m\000p\000o\000s\000a\000n\000t\000s}{section.13}% 20
\BOOKMARK [2][-]{subsection.13.2}{\376\377\000T\000a\000i\000l\000l\000e\000\040\000C\000M\000S}{section.13}% 21
\BOOKMARK [2][-]{subsection.13.3}{\376\377\000D\000a\000t\000a\000s\000h\000e\000e\000t\000\040\000R\000e\000s\000i\000s\000t\000a\000n\000c\000e\000\040\000G\000\351\000n\000\351\000r\000a\000l\000e}{section.13}% 22
\BOOKMARK [2][-]{subsection.13.4}{\376\377\000D\000a\000t\000a\000s\000h\000e\000e\000t\000\040\000R\000e\000s\000i\000s\000t\000a\000n\000c\000e\000\040\000V\000a\000r\000i\000a\000b\000l\000e}{section.13}% 23
\BOOKMARK [2][-]{subsection.13.5}{\376\377\000D\000a\000t\000a\000s\000h\000e\000e\000t\000\040\000C\000o\000n\000d\000e\000n\000s\000a\000t\000e\000u\000r}{section.13}% 24
\BOOKMARK [2][-]{subsection.13.6}{\376\377\0005\0005\0005\000\040\000D\000a\000t\000a\000s\000h\000e\000e\000t}{section.13}% 25
\BOOKMARK [3][-]{subsubsection.13.6.1}{\376\377\000T\000y\000p\000i\000c\000a\000l\000\040\0005\0005\0005\000\040\000A\000p\000p\000l\000i\000c\000a\000t\000i\000o\000n}{subsection.13.6}% 26
\BOOKMARK [2][-]{subsection.13.7}{\376\377\000C\000o\000m\000p\000a\000r\000a\000t\000e\000u\000r\000\040\000T\000S\0003\0009\0001\000\040\000D\000a\000t\000a\000s\000h\000e\000e\000t}{section.13}% 27
\BOOKMARK [3][-]{subsubsection.13.7.1}{\376\377\000S\000c\000h\000e\000m\000a\000t\000i\000c\000\040\000D\000i\000a\000g\000r\000a\000m}{subsection.13.7}% 28
\BOOKMARK [2][-]{subsection.13.8}{\376\377\000C\000o\000m\000p\000a\000r\000a\000t\000e\000u\000r\000\040\000d\000o\000u\000b\000l\000e\000\040\000L\000M\0003\0009\0003\000L\000V\000-\000Q\0001\000\040\000D\000a\000t\000a\000s\000h\000e\000e\000t}{section.13}% 29
\BOOKMARK [2][-]{subsection.13.9}{\376\377\000A\000l\000i\000m\000e\000n\000t\000a\000t\000i\000o\000n\000\040\000I\000s\000o\000l\000\351\000\040\000D\000a\000t\000a\000s\000h\000e\000e\000t}{section.13}% 30
\BOOKMARK [2][-]{subsection.13.10}{\376\377\000A\000l\000i\000m\000e\000n\000t\000a\000t\000i\000o\000n\000\040\000D\000a\000t\000a\000s\000h\000e\000e\000t}{section.13}% 31
\BOOKMARK [2][-]{subsection.13.11}{\376\377\000P\000o\000r\000t\000e\000\040\000L\000o\000g\000i\000q\000u\000e}{section.13}% 32
\BOOKMARK [3][-]{subsubsection.13.11.1}{\376\377\000P\000o\000r\000t\000e\000\040\000A\000n\000d\000\040\000D\000a\000t\000a\000s\000h\000e\000e\000t}{subsection.13.11}% 33
\BOOKMARK [3][-]{subsubsection.13.11.2}{\376\377\000P\000o\000r\000t\000e\000\040\000O\000r\000\040\000D\000a\000t\000a\000s\000h\000e\000e\000t}{subsection.13.11}% 34
\BOOKMARK [3][-]{subsubsection.13.11.3}{\376\377\000P\000o\000r\000t\000e\000\040\000N\000A\000n\000d\000\040\000D\000a\000t\000a\000s\000h\000e\000e\000t}{subsection.13.11}% 35
\BOOKMARK [3][-]{subsubsection.13.11.4}{\376\377\000P\000o\000r\000t\000e\000\040\000N\000O\000r\000\040\000D\000a\000t\000a\000s\000h\000e\000e\000t}{subsection.13.11}% 36
\BOOKMARK [3][-]{subsubsection.13.11.5}{\376\377\000P\000o\000r\000t\000e\000\040\000X\000O\000r\000\040\000D\000a\000t\000a\000s\000h\000e\000e\000t}{subsection.13.11}% 37
\BOOKMARK [2][-]{subsection.13.12}{\376\377\000S\000o\000l\000i\000d\000\040\000S\000t\000a\000t\000e\000\040\000R\000e\000l\000a\000y\000\040\000D\000a\000t\000a\000s\000h\000e\000e\000t}{section.13}% 38
\BOOKMARK [2][-]{subsection.13.13}{\376\377\000B\000a\000s\000c\000u\000l\000e\000\040\000D\000\040\000D\000a\000t\000a\000s\000h\000e\000e\000t}{section.13}% 39
\BOOKMARK [2][-]{subsection.13.14}{\376\377\000D\000i\000o\000d\000e\000\040\000D\000a\000t\000a\000s\000h\000e\000e\000t}{section.13}% 40
\BOOKMARK [2][-]{subsection.13.15}{\376\377\000N\000M\000O\000S\000\040\000D\000a\000t\000a\000s\000h\000e\000e\000t}{section.13}% 41
\BOOKMARK [2][-]{subsection.13.16}{\376\377\000P\000M\000O\000S\000\040\000D\000a\000t\000a\000s\000h\000e\000e\000t}{section.13}% 42
