This is pdfTeX, Version 3.141592653-2.6-1.40.24 (MiKTeX 22.3) (preloaded format=pdflatex 2022.7.9)  9 JUL 2022 22:36
entering extended mode
 \write18 enabled.
 %&-line parsing enabled.
**./Etape1CarteClarObj.tex
(Etape1CarteClarObj.tex
LaTeX2e <2021-11-15> patch level 1
L3 programming layer <2022-02-24>
(C:/perso/localtex\tex/latex/EPSA-rap-template\EPSA-rap-template.cls
(C:\Users\Utilisateur\AppData\Local\Programs\MiKTeX\tex/latex/base\article.cls
Document Class: article 2021/10/04 v1.4n Standard LaTeX document class
(C:\Users\Utilisateur\AppData\Local\Programs\MiKTeX\tex/latex/base\size12.clo
File: size12.clo 2021/10/04 v1.4n Standard LaTeX file (size option)
)
\c@part=\count185
\c@section=\count186
\c@subsection=\count187
\c@subsubsection=\count188
\c@paragraph=\count189
\c@subparagraph=\count190
\c@figure=\count191
\c@table=\count192
\abovecaptionskip=\skip47
\belowcaptionskip=\skip48
\bibindent=\dimen138
)
(C:\Users\Utilisateur\AppData\Local\Programs\MiKTeX\tex/generic/babel\babel.sty
Package: babel 2022/02/26 3.73 The Babel package
\babel@savecnt=\count193
\U@D=\dimen139
\l@unhyphenated=\language79

(C:\Users\Utilisateur\AppData\Local\Programs\MiKTeX\tex/generic/babel\txtbabel.
def)
\bbl@readstream=\read2
\bbl@dirlevel=\count194

*************************************
* Local config file bblopts.cfg used
*

(C:\Users\Utilisateur\AppData\Local\Programs\MiKTeX\tex/latex/arabi\bblopts.cfg
File: bblopts.cfg 2005/09/08 v0.1 add Arabic and Farsi to "declared" options of
 babel
)
(C:\Users\Utilisateur\AppData\Local\Programs\MiKTeX\tex/generic/babel-french\fr
ench.ldf
Language: french 2022/04/18 v3.5n French support from the babel system
Package babel Info: Hyphen rules for 'acadian' set to \l@french
(babel)             (\language22). Reported on input line 91.
Package babel Info: Hyphen rules for 'canadien' set to \l@french
(babel)             (\language22). Reported on input line 92.
\FB@nonchar=\count195
Package babel Info: Making : an active character on input line 430.
Package babel Info: Making ; an active character on input line 431.
Package babel Info: Making ! an active character on input line 432.
Package babel Info: Making ? an active character on input line 433.
\FBguill@level=\count196
\FBold@everypar=\toks16
\FB@Mht=\dimen140
\mc@charclass=\count197
\mc@charfam=\count198
\mc@charslot=\count199
\std@mcc=\count266
\dec@mcc=\count267
\listindentFB=\dimen141
\descindentFB=\dimen142
\labelindentFB=\dimen143
\labelwidthFB=\dimen144
\leftmarginFB=\dimen145
\parindentFFN=\dimen146
\FBfnindent=\dimen147
))
(C:\Users\Utilisateur\AppData\Local\Programs\MiKTeX\tex/latex/carlisle\scalefnt
.sty)
(C:\Users\Utilisateur\AppData\Local\Programs\MiKTeX\tex/latex/graphics\keyval.s
ty
Package: keyval 2014/10/28 v1.15 key=value parser (DPC)
\KV@toks@=\toks17
)
(C:\Users\Utilisateur\AppData\Local\Programs\MiKTeX\tex/latex/base\inputenc.sty
Package: inputenc 2021/02/14 v1.3d Input encoding file
\inpenc@prehook=\toks18
\inpenc@posthook=\toks19
)
(C:\Users\Utilisateur\AppData\Local\Programs\MiKTeX\tex/latex/placeins\placeins
.sty
Package: placeins 2005/04/18  v 2.2
)
(C:\Users\Utilisateur\AppData\Local\Programs\MiKTeX\tex/latex/base\fontenc.sty
Package: fontenc 2021/04/29 v2.0v Standard LaTeX package
)
(C:\Users\Utilisateur\AppData\Local\Programs\MiKTeX\tex/latex/mathtools\mathtoo
ls.sty
Package: mathtools 2022/02/07 v1.28a mathematical typesetting tools

(C:\Users\Utilisateur\AppData\Local\Programs\MiKTeX\tex/latex/tools\calc.sty
Package: calc 2017/05/25 v4.3 Infix arithmetic (KKT,FJ)
\calc@Acount=\count268
\calc@Bcount=\count269
\calc@Adimen=\dimen148
\calc@Bdimen=\dimen149
\calc@Askip=\skip49
\calc@Bskip=\skip50
LaTeX Info: Redefining \setlength on input line 80.
LaTeX Info: Redefining \addtolength on input line 81.
\calc@Ccount=\count270
\calc@Cskip=\skip51
)
(C:\Users\Utilisateur\AppData\Local\Programs\MiKTeX\tex/latex/mathtools\mhsetup
.sty
Package: mhsetup 2021/03/18 v1.4 programming setup (MH)
)
(C:\Users\Utilisateur\AppData\Local\Programs\MiKTeX\tex/latex/amsmath\amsmath.s
ty
Package: amsmath 2021/10/15 v2.17l AMS math features
\@mathmargin=\skip52

For additional information on amsmath, use the `?' option.

(C:\Users\Utilisateur\AppData\Local\Programs\MiKTeX\tex/latex/amsmath\amstext.s
ty
Package: amstext 2021/08/26 v2.01 AMS text

(C:\Users\Utilisateur\AppData\Local\Programs\MiKTeX\tex/latex/amsmath\amsgen.st
y
File: amsgen.sty 1999/11/30 v2.0 generic functions
\@emptytoks=\toks20
\ex@=\dimen150
))
(C:\Users\Utilisateur\AppData\Local\Programs\MiKTeX\tex/latex/amsmath\amsbsy.st
y
Package: amsbsy 1999/11/29 v1.2d Bold Symbols
\pmbraise@=\dimen151
)
(C:\Users\Utilisateur\AppData\Local\Programs\MiKTeX\tex/latex/amsmath\amsopn.st
y
Package: amsopn 2021/08/26 v2.02 operator names
)
\inf@bad=\count271
LaTeX Info: Redefining \frac on input line 234.
\uproot@=\count272
\leftroot@=\count273
LaTeX Info: Redefining \overline on input line 399.
\classnum@=\count274
\DOTSCASE@=\count275
LaTeX Info: Redefining \ldots on input line 496.
LaTeX Info: Redefining \dots on input line 499.
LaTeX Info: Redefining \cdots on input line 620.
\Mathstrutbox@=\box50
\strutbox@=\box51
\big@size=\dimen152
LaTeX Font Info:    Redeclaring font encoding OML on input line 743.
LaTeX Font Info:    Redeclaring font encoding OMS on input line 744.
\macc@depth=\count276
\c@MaxMatrixCols=\count277
\dotsspace@=\muskip16
\c@parentequation=\count278
\dspbrk@lvl=\count279
\tag@help=\toks21
\row@=\count280
\column@=\count281
\maxfields@=\count282
\andhelp@=\toks22
\eqnshift@=\dimen153
\alignsep@=\dimen154
\tagshift@=\dimen155
\tagwidth@=\dimen156
\totwidth@=\dimen157
\lineht@=\dimen158
\@envbody=\toks23
\multlinegap=\skip53
\multlinetaggap=\skip54
\mathdisplay@stack=\toks24
LaTeX Info: Redefining \[ on input line 2938.
LaTeX Info: Redefining \] on input line 2939.
)
\g_MT_multlinerow_int=\count283
\l_MT_multwidth_dim=\dimen159
\origjot=\skip55
\l_MT_shortvdotswithinadjustabove_dim=\dimen160
\l_MT_shortvdotswithinadjustbelow_dim=\dimen161
\l_MT_above_intertext_sep=\dimen162
\l_MT_below_intertext_sep=\dimen163
\l_MT_above_shortintertext_sep=\dimen164
\l_MT_below_shortintertext_sep=\dimen165
\xmathstrut@box=\box52
\xmathstrut@dim=\dimen166
)
(C:\Users\Utilisateur\AppData\Local\Programs\MiKTeX\tex/latex/siunitx\siunitx.s
ty
Package: siunitx 2022-05-03 v3.1.1 A comprehensive (SI) units package
\l__siunitx_angle_tmp_dim=\dimen167
\l__siunitx_angle_marker_box=\box53
\l__siunitx_angle_unit_box=\box54
\l__siunitx_compound_count_int=\count284

(C:\Users\Utilisateur\AppData\Local\Programs\MiKTeX\tex/latex/translations\tran
slations.sty
Package: translations 2022/02/05 v1.12 internationalization of LaTeX2e packages
 (CN)

(C:\Users\Utilisateur\AppData\Local\Programs\MiKTeX\tex/latex/etoolbox\etoolbox
.sty
Package: etoolbox 2020/10/05 v2.5k e-TeX tools for LaTeX (JAW)
\etb@tempcnta=\count285
)
(C:\Users\Utilisateur\AppData\Local\Programs\MiKTeX\tex/generic/pdftexcmds\pdft
excmds.sty
Package: pdftexcmds 2020-06-27 v0.33 Utility functions of pdfTeX for LuaTeX (HO
)

(C:\Users\Utilisateur\AppData\Local\Programs\MiKTeX\tex/generic/infwarerr\infwa
rerr.sty
Package: infwarerr 2019/12/03 v1.5 Providing info/warning/error messages (HO)
)
(C:\Users\Utilisateur\AppData\Local\Programs\MiKTeX\tex/generic/iftex\iftex.sty
Package: iftex 2022/02/03 v1.0f TeX engine tests
)
(C:\Users\Utilisateur\AppData\Local\Programs\MiKTeX\tex/generic/ltxcmds\ltxcmds
.sty
Package: ltxcmds 2020-05-10 v1.25 LaTeX kernel commands for general use (HO)
)
Package pdftexcmds Info: \pdf@primitive is available.
Package pdftexcmds Info: \pdf@ifprimitive is available.
Package pdftexcmds Info: \pdfdraftmode found.
))
\l__siunitx_number_exponent_fixed_int=\count286
\l__siunitx_number_min_decimal_int=\count287
\l__siunitx_number_min_integer_int=\count288
\l__siunitx_number_round_precision_int=\count289
\l__siunitx_number_group_first_int=\count290
\l__siunitx_number_group_size_int=\count291
\l__siunitx_number_group_minimum_int=\count292
\l__siunitx_table_tmp_box=\box55
\l__siunitx_table_tmp_dim=\dimen168
\l__siunitx_table_column_width_dim=\dimen169
\l__siunitx_table_integer_box=\box56
\l__siunitx_table_decimal_box=\box57
\l__siunitx_table_before_box=\box58
\l__siunitx_table_after_box=\box59
\l__siunitx_table_before_dim=\dimen170
\l__siunitx_table_carry_dim=\dimen171
\l__siunitx_unit_tmp_int=\count293
\l__siunitx_unit_position_int=\count294
\l__siunitx_unit_total_int=\count295

(C:\Users\Utilisateur\AppData\Local\Programs\MiKTeX\tex/latex/l3packages/l3keys
2e\l3keys2e.sty
(C:\Users\Utilisateur\AppData\Local\Programs\MiKTeX\tex/latex/l3kernel\expl3.st
y
Package: expl3 2022-02-24 L3 programming layer (loader) 

(C:\Users\Utilisateur\AppData\Local\Programs\MiKTeX\tex/latex/l3backend\l3backe
nd-pdftex.def
File: l3backend-pdftex.def 2022-02-07 L3 backend support: PDF output (pdfTeX)
\l__color_backend_stack_int=\count296
\l__pdf_internal_box=\box60
))
Package: l3keys2e 2022-01-12 LaTeX2e option processing using LaTeX3 keys
)
(C:\Users\Utilisateur\AppData\Local\Programs\MiKTeX\tex/latex/tools\array.sty
Package: array 2021/10/04 v2.5f Tabular extension package (FMi)
\col@sep=\dimen172
\ar@mcellbox=\box61
\extrarowheight=\dimen173
\NC@list=\toks25
\extratabsurround=\skip56
\backup@length=\skip57
\ar@cellbox=\box62
)) (C:\Users\Utilisateur\AppData\Local\Programs\MiKTeX\tex/latex/float\float.st
y
Package: float 2001/11/08 v1.3d Float enhancements (AL)
\c@float@type=\count297
\float@exts=\toks26
\float@box=\box63
\@float@everytoks=\toks27
\@floatcapt=\box64
)
(C:\Users\Utilisateur\AppData\Local\Programs\MiKTeX\tex/latex/graphics\graphicx
.sty
Package: graphicx 2021/09/16 v1.2d Enhanced LaTeX Graphics (DPC,SPQR)

(C:\Users\Utilisateur\AppData\Local\Programs\MiKTeX\tex/latex/graphics\graphics
.sty
Package: graphics 2021/03/04 v1.4d Standard LaTeX Graphics (DPC,SPQR)

(C:\Users\Utilisateur\AppData\Local\Programs\MiKTeX\tex/latex/graphics\trig.sty
Package: trig 2021/08/11 v1.11 sin cos tan (DPC)
)
(C:\Users\Utilisateur\AppData\Local\Programs\MiKTeX\tex/latex/graphics-cfg\grap
hics.cfg
File: graphics.cfg 2016/06/04 v1.11 sample graphics configuration
)
Package graphics Info: Driver file: pdftex.def on input line 107.

(C:\Users\Utilisateur\AppData\Local\Programs\MiKTeX\tex/latex/graphics-def\pdft
ex.def
File: pdftex.def 2020/10/05 v1.2a Graphics/color driver for pdftex
))
\Gin@req@height=\dimen174
\Gin@req@width=\dimen175
)
(C:\Users\Utilisateur\AppData\Local\Programs\MiKTeX\tex/latex/caption\caption.s
ty
Package: caption 2022/03/01 v3.6b Customizing captions (AR)

(C:\Users\Utilisateur\AppData\Local\Programs\MiKTeX\tex/latex/caption\caption3.
sty
Package: caption3 2022/03/17 v2.3b caption3 kernel (AR)
\caption@tempdima=\dimen176
\captionmargin=\dimen177
\caption@leftmargin=\dimen178
\caption@rightmargin=\dimen179
\caption@width=\dimen180
\caption@indent=\dimen181
\caption@parindent=\dimen182
\caption@hangindent=\dimen183
Package caption Info: Standard document class detected.
Package caption Info: french babel package is loaded.
)
\c@caption@flags=\count298
\c@continuedfloat=\count299
Package caption Info: float package is loaded.
)
(C:\Users\Utilisateur\AppData\Local\Programs\MiKTeX\tex/latex/caption\subcaptio
n.sty
Package: subcaption 2022/01/07 v1.5 Sub-captions (AR)
\c@subfigure=\count300
\c@subtable=\count301
)
(C:\Users\Utilisateur\AppData\Local\Programs\MiKTeX\tex/latex/wallpaper\wallpap
er.sty
Package: wallpaper 2005/01/18, v1.01 easy wallpaper formatting (MHFW)

(C:\Users\Utilisateur\AppData\Local\Programs\MiKTeX\tex/latex/base\ifthen.sty
Package: ifthen 2020/11/24 v1.1c Standard LaTeX ifthen package (DPC)
)
(C:\Users\Utilisateur\AppData\Local\Programs\MiKTeX\tex/latex/eso-pic\eso-pic.s
ty
Package: eso-pic 2020/10/14 v3.0a eso-pic (RN)
\ESO@tempdima=\dimen184
\ESO@tempdimb=\dimen185

(C:\Users\Utilisateur\AppData\Local\Programs\MiKTeX\tex/latex/xcolor\xcolor.sty
Package: xcolor 2021/10/31 v2.13 LaTeX color extensions (UK)

(C:\Users\Utilisateur\AppData\Local\Programs\MiKTeX\tex/latex/graphics-cfg\colo
r.cfg
File: color.cfg 2016/01/02 v1.6 sample color configuration
)
Package xcolor Info: Driver file: pdftex.def on input line 227.
Package xcolor Info: Model `cmy' substituted by `cmy0' on input line 1352.
Package xcolor Info: Model `hsb' substituted by `rgb' on input line 1356.
Package xcolor Info: Model `RGB' extended on input line 1368.
Package xcolor Info: Model `HTML' substituted by `rgb' on input line 1370.
Package xcolor Info: Model `Hsb' substituted by `hsb' on input line 1371.
Package xcolor Info: Model `tHsb' substituted by `hsb' on input line 1372.
Package xcolor Info: Model `HSB' substituted by `hsb' on input line 1373.
Package xcolor Info: Model `Gray' substituted by `gray' on input line 1374.
Package xcolor Info: Model `wave' substituted by `hsb' on input line 1375.
))
\wpXoffset=\skip58
\wpYoffset=\skip59
\tileXoffset=\skip60
\tileYoffset=\skip61
\tilewidth=\skip62
\tileheight=\skip63
\tileX=\skip64
\tileY=\skip65
)
(C:\Users\Utilisateur\AppData\Local\Programs\MiKTeX\tex/latex/nomencl\nomencl.s
ty
Package: nomencl 2021/11/10 v5.6 Nomenclature package

(C:\Users\Utilisateur\AppData\Local\Programs\MiKTeX\tex/latex/xkeyval\xkeyval.s
ty
Package: xkeyval 2020/11/20 v2.8 package option processing (HA)

(C:\Users\Utilisateur\AppData\Local\Programs\MiKTeX\tex/generic/xkeyval\xkeyval
.tex
(C:\Users\Utilisateur\AppData\Local\Programs\MiKTeX\tex/generic/xkeyval\xkvutil
s.tex
\XKV@toks=\toks28
\XKV@tempa@toks=\toks29
)
\XKV@depth=\count302
File: xkeyval.tex 2014/12/03 v2.7a key=value parser (HA)
))
(C:\Users\Utilisateur\AppData\Local\Programs\MiKTeX\tex/latex/koma-script\tocba
sic.sty
Package: tocbasic 2021/11/13 v3.35 KOMA-Script package (handling toc-files)

(C:\Users\Utilisateur\AppData\Local\Programs\MiKTeX\tex/latex/koma-script\scrba
se.sty
Package: scrbase 2021/11/13 v3.35 KOMA-Script package (KOMA-Script-independent 
basics and keyval usage)

(C:\Users\Utilisateur\AppData\Local\Programs\MiKTeX\tex/latex/koma-script\scrlf
ile.sty
Package: scrlfile 2021/11/13 v3.35 KOMA-Script package (file load hooks)

(C:\Users\Utilisateur\AppData\Local\Programs\MiKTeX\tex/latex/koma-script\scrlf
ile-hook.sty
Package: scrlfile-hook 2021/11/13 v3.35 KOMA-Script package (using LaTeX hooks)


(C:\Users\Utilisateur\AppData\Local\Programs\MiKTeX\tex/latex/koma-script\scrlo
go.sty
Package: scrlogo 2021/11/13 v3.35 KOMA-Script package (logo)
)))
Applying: [2021/05/01] Usage of raw or classic option list on input line 252.
Already applied: [0000/00/00] Usage of raw or classic option list on input line
 368.
)
\scr@dte@tocline@numberwidth=\skip66
\scr@dte@tocline@numbox=\box65
)
Package tocbasic Info: setting babel extension for `nlo' on input line 187.
Package tocbasic Info: setting babel extension for `nls' on input line 188.
\nomlabelwidth=\dimen186
\nom@tempdim=\dimen187
\nomitemsep=\skip67
)
(C:\Users\Utilisateur\AppData\Local\Programs\MiKTeX\tex/latex/fancyhdr\fancyhdr
.sty
Package: fancyhdr 2021/01/28 v4.0.1 Extensive control of page headers and foote
rs
\f@nch@headwidth=\skip68
\f@nch@O@elh=\skip69
\f@nch@O@erh=\skip70
\f@nch@O@olh=\skip71
\f@nch@O@orh=\skip72
\f@nch@O@elf=\skip73
\f@nch@O@erf=\skip74
\f@nch@O@olf=\skip75
\f@nch@O@orf=\skip76
) (C:\Users\Utilisateur\AppData\Local\Programs\MiKTeX\tex/latex/url\url.sty
\Urlmuskip=\muskip17
Package: url 2013/09/16  ver 3.4  Verb mode for urls, etc.
)
(C:\Users\Utilisateur\AppData\Local\Programs\MiKTeX\tex/latex/geometry\geometry
.sty
Package: geometry 2020/01/02 v5.9 Page Geometry

(C:\Users\Utilisateur\AppData\Local\Programs\MiKTeX\tex/generic/iftex\ifvtex.st
y
Package: ifvtex 2019/10/25 v1.7 ifvtex legacy package. Use iftex instead.
)
\Gm@cnth=\count303
\Gm@cntv=\count304
\c@Gm@tempcnt=\count305
\Gm@bindingoffset=\dimen188
\Gm@wd@mp=\dimen189
\Gm@odd@mp=\dimen190
\Gm@even@mp=\dimen191
\Gm@layoutwidth=\dimen192
\Gm@layoutheight=\dimen193
\Gm@layouthoffset=\dimen194
\Gm@layoutvoffset=\dimen195
\Gm@dimlist=\toks30

(C:\Users\Utilisateur\AppData\Local\Programs\MiKTeX\tex/latex/geometry\geometry
.cfg))
(C:\Users\Utilisateur\AppData\Local\Programs\MiKTeX\tex/latex/hyperref\hyperref
.sty
Package: hyperref 2022-02-21 v7.00n Hypertext links for LaTeX

(C:\Users\Utilisateur\AppData\Local\Programs\MiKTeX\tex/generic/kvsetkeys\kvset
keys.sty
Package: kvsetkeys 2019/12/15 v1.18 Key value parser (HO)
)
(C:\Users\Utilisateur\AppData\Local\Programs\MiKTeX\tex/generic/kvdefinekeys\kv
definekeys.sty
Package: kvdefinekeys 2019-12-19 v1.6 Define keys (HO)
)
(C:\Users\Utilisateur\AppData\Local\Programs\MiKTeX\tex/generic/pdfescape\pdfes
cape.sty
Package: pdfescape 2019/12/09 v1.15 Implements pdfTeX's escape features (HO)
)
(C:\Users\Utilisateur\AppData\Local\Programs\MiKTeX\tex/latex/hycolor\hycolor.s
ty
Package: hycolor 2020-01-27 v1.10 Color options for hyperref/bookmark (HO)
)
(C:\Users\Utilisateur\AppData\Local\Programs\MiKTeX\tex/latex/letltxmacro\letlt
xmacro.sty
Package: letltxmacro 2019/12/03 v1.6 Let assignment for LaTeX macros (HO)
)
(C:\Users\Utilisateur\AppData\Local\Programs\MiKTeX\tex/latex/auxhook\auxhook.s
ty
Package: auxhook 2019-12-17 v1.6 Hooks for auxiliary files (HO)
)
(C:\Users\Utilisateur\AppData\Local\Programs\MiKTeX\tex/latex/kvoptions\kvoptio
ns.sty
Package: kvoptions 2020-10-07 v3.14 Key value format for package options (HO)
)
\@linkdim=\dimen196
\Hy@linkcounter=\count306
\Hy@pagecounter=\count307

(C:\Users\Utilisateur\AppData\Local\Programs\MiKTeX\tex/latex/hyperref\pd1enc.d
ef
File: pd1enc.def 2022-02-21 v7.00n Hyperref: PDFDocEncoding definition (HO)
Now handling font encoding PD1 ...
... no UTF-8 mapping file for font encoding PD1
)
(C:\Users\Utilisateur\AppData\Local\Programs\MiKTeX\tex/generic/intcalc\intcalc
.sty
Package: intcalc 2019/12/15 v1.3 Expandable calculations with integers (HO)
)
(C:\Users\Utilisateur\AppData\Local\Programs\MiKTeX\tex/generic/etexcmds\etexcm
ds.sty
Package: etexcmds 2019/12/15 v1.7 Avoid name clashes with e-TeX commands (HO)
)
\Hy@SavedSpaceFactor=\count308

(C:\Users\Utilisateur\AppData\Local\Programs\MiKTeX\tex/latex/hyperref\puenc.de
f
File: puenc.def 2022-02-21 v7.00n Hyperref: PDF Unicode definition (HO)
Now handling font encoding PU ...
... no UTF-8 mapping file for font encoding PU
)
Package hyperref Info: Hyper figures OFF on input line 4137.
Package hyperref Info: Link nesting OFF on input line 4142.
Package hyperref Info: Hyper index ON on input line 4145.
Package hyperref Info: Plain pages OFF on input line 4152.
Package hyperref Info: Backreferencing OFF on input line 4157.
Package hyperref Info: Implicit mode ON; LaTeX internals redefined.
Package hyperref Info: Bookmarks ON on input line 4390.
\c@Hy@tempcnt=\count309
LaTeX Info: Redefining \url on input line 4749.
\XeTeXLinkMargin=\dimen197

(C:\Users\Utilisateur\AppData\Local\Programs\MiKTeX\tex/generic/bitset\bitset.s
ty
Package: bitset 2019/12/09 v1.3 Handle bit-vector datatype (HO)

(C:\Users\Utilisateur\AppData\Local\Programs\MiKTeX\tex/generic/bigintcalc\bigi
ntcalc.sty
Package: bigintcalc 2019/12/15 v1.5 Expandable calculations on big integers (HO
)
))
\Fld@menulength=\count310
\Field@Width=\dimen198
\Fld@charsize=\dimen199
Package hyperref Info: Hyper figures OFF on input line 6027.
Package hyperref Info: Link nesting OFF on input line 6032.
Package hyperref Info: Hyper index ON on input line 6035.
Package hyperref Info: backreferencing OFF on input line 6042.
Package hyperref Info: Link coloring OFF on input line 6047.
Package hyperref Info: Link coloring with OCG OFF on input line 6052.
Package hyperref Info: PDF/A mode OFF on input line 6057.
LaTeX Info: Redefining \ref on input line 6097.
LaTeX Info: Redefining \pageref on input line 6101.

(C:\Users\Utilisateur\AppData\Local\Programs\MiKTeX\tex/latex/base\atbegshi-ltx
.sty
Package: atbegshi-ltx 2021/01/10 v1.0c Emulation of the original atbegshi
package with kernel methods
)
\Hy@abspage=\count311
\c@Item=\count312
\c@Hfootnote=\count313
)
Package hyperref Info: Driver: hpdftex.

(C:\Users\Utilisateur\AppData\Local\Programs\MiKTeX\tex/latex/hyperref\hpdftex.
def
File: hpdftex.def 2022-02-21 v7.00n Hyperref driver for pdfTeX

(C:\Users\Utilisateur\AppData\Local\Programs\MiKTeX\tex/latex/base\atveryend-lt
x.sty
Package: atveryend-ltx 2020/08/19 v1.0a Emulation of the original atveryend pac
kage
with kernel methods
)
\Fld@listcount=\count314
\c@bookmark@seq@number=\count315

(C:\Users\Utilisateur\AppData\Local\Programs\MiKTeX\tex/latex/rerunfilecheck\re
runfilecheck.sty
Package: rerunfilecheck 2019/12/05 v1.9 Rerun checks for auxiliary files (HO)

(C:\Users\Utilisateur\AppData\Local\Programs\MiKTeX\tex/generic/uniquecounter\u
niquecounter.sty
Package: uniquecounter 2019/12/15 v1.4 Provide unlimited unique counter (HO)
)
Package uniquecounter Info: New unique counter `rerunfilecheck' on input line 2
86.
)
\Hy@SectionHShift=\skip77
))
(C:\Users\Utilisateur\AppData\Local\Programs\MiKTeX\tex/latex/listings\listings
.sty
\lst@mode=\count316
\lst@gtempboxa=\box66
\lst@token=\toks31
\lst@length=\count317
\lst@currlwidth=\dimen256
\lst@column=\count318
\lst@pos=\count319
\lst@lostspace=\dimen257
\lst@width=\dimen258
\lst@newlines=\count320
\lst@lineno=\count321
\lst@maxwidth=\dimen259

(C:\Users\Utilisateur\AppData\Local\Programs\MiKTeX\tex/latex/listings\lstmisc.
sty
File: lstmisc.sty 2020/03/24 1.8d (Carsten Heinz)
\c@lstnumber=\count322
\lst@skipnumbers=\count323
\lst@framebox=\box67
)
(C:\Users\Utilisateur\AppData\Local\Programs\MiKTeX\tex/latex/listings\listings
.cfg
File: listings.cfg 2020/03/24 1.8d listings configuration
))
Package: listings 2020/03/24 1.8d (Carsten Heinz)
 (CarteElec.sty)
Package hyperref Info: Option `unicode' set `true' on input line 35.
Package hyperref Info: Option `colorlinks' set `true' on input line 35.
 (Etape1CarteClarObj.aux)
\openout1 = `Etape1CarteClarObj.aux'.

LaTeX Font Info:    Checking defaults for OML/cmm/m/it on input line 37.
LaTeX Font Info:    ... okay on input line 37.
LaTeX Font Info:    Checking defaults for OMS/cmsy/m/n on input line 37.
LaTeX Font Info:    ... okay on input line 37.
LaTeX Font Info:    Checking defaults for OT1/cmr/m/n on input line 37.
LaTeX Font Info:    ... okay on input line 37.
LaTeX Font Info:    Checking defaults for T1/cmr/m/n on input line 37.
LaTeX Font Info:    ... okay on input line 37.
LaTeX Font Info:    Checking defaults for TS1/cmr/m/n on input line 37.
LaTeX Font Info:    ... okay on input line 37.
LaTeX Font Info:    Checking defaults for OMX/cmex/m/n on input line 37.
LaTeX Font Info:    ... okay on input line 37.
LaTeX Font Info:    Checking defaults for U/cmr/m/n on input line 37.
LaTeX Font Info:    ... okay on input line 37.
LaTeX Font Info:    Checking defaults for PD1/pdf/m/n on input line 37.
LaTeX Font Info:    ... okay on input line 37.
LaTeX Font Info:    Checking defaults for PU/pdf/m/n on input line 37.
LaTeX Font Info:    ... okay on input line 37.
LaTeX Info: Redefining \degres on input line 37.
LaTeX Info: Redefining \up on input line 37.

(C:\Users\Utilisateur\AppData\Local\Programs\MiKTeX\tex/latex/translations/dict
s\translations-basic-dictionary-french.trsl
File: translations-basic-dictionary-french.trsl (french translation file `trans
lations-basic-dictionary')
)
Package translations Info: loading dictionary `translations-basic-dictionary' f
or `french'. on input line 37.

(C:\Users\Utilisateur\AppData\Local\Programs\MiKTeX\tex/context/base/mkii\supp-
pdf.mkii
[Loading MPS to PDF converter (version 2006.09.02).]
\scratchcounter=\count324
\scratchdimen=\dimen260
\scratchbox=\box68
\nofMPsegments=\count325
\nofMParguments=\count326
\everyMPshowfont=\toks32
\MPscratchCnt=\count327
\MPscratchDim=\dimen261
\MPnumerator=\count328
\makeMPintoPDFobject=\count329
\everyMPtoPDFconversion=\toks33
)
(C:\Users\Utilisateur\AppData\Local\Programs\MiKTeX\tex/latex/epstopdf-pkg\epst
opdf-base.sty
Package: epstopdf-base 2020-01-24 v2.11 Base part for package epstopdf
Package epstopdf-base Info: Redefining graphics rule for `.eps' on input line 4
85.

(C:\Users\Utilisateur\AppData\Local\Programs\MiKTeX\tex/latex/00miktex\epstopdf
-sys.cfg
File: epstopdf-sys.cfg 2021/03/18 v2.0 Configuration of epstopdf for MiKTeX
))
Package caption Info: Begin \AtBeginDocument code.
Package caption Info: hyperref package is loaded.
Package caption Info: listings package is loaded.
Package caption Info: End \AtBeginDocument code.

*geometry* driver: auto-detecting
*geometry* detected driver: pdftex
*geometry* verbose mode - [ preamble ] result:
* driver: pdftex
* paper: <default>
* layout: <same size as paper>
* layoutoffset:(h,v)=(0.0pt,0.0pt)
* modes: 
* h-part:(L,W,R)=(71.13188pt, 455.24411pt, 71.13188pt)
* v-part:(T,H,B)=(56.9055pt, 688.5567pt, 99.58464pt)
* \paperwidth=597.50787pt
* \paperheight=845.04684pt
* \textwidth=455.24411pt
* \textheight=688.5567pt
* \oddsidemargin=-1.1381pt
* \evensidemargin=-1.1381pt
* \topmargin=-52.36449pt
* \headheight=12.0pt
* \headsep=25.0pt
* \topskip=12.0pt
* \footskip=30.0pt
* \marginparwidth=35.0pt
* \marginparsep=10.0pt
* \columnsep=10.0pt
* \skip\footins=10.8pt plus 4.0pt minus 2.0pt
* \hoffset=0.0pt
* \voffset=0.0pt
* \mag=1000
* \@twocolumnfalse
* \@twosidefalse
* \@mparswitchfalse
* \@reversemarginfalse
* (1in=72.27pt=25.4mm, 1cm=28.453pt)

Package hyperref Info: Link coloring ON on input line 37.

(C:\Users\Utilisateur\AppData\Local\Programs\MiKTeX\tex/latex/hyperref\nameref.
sty
Package: nameref 2021-04-02 v2.47 Cross-referencing by name of section

(C:\Users\Utilisateur\AppData\Local\Programs\MiKTeX\tex/latex/refcount\refcount
.sty
Package: refcount 2019/12/15 v3.6 Data extraction from label references (HO)
)
(C:\Users\Utilisateur\AppData\Local\Programs\MiKTeX\tex/generic/gettitlestring\
gettitlestring.sty
Package: gettitlestring 2019/12/15 v1.6 Cleanup title references (HO)
)
\c@section@level=\count330
)
LaTeX Info: Redefining \ref on input line 37.
LaTeX Info: Redefining \pageref on input line 37.
LaTeX Info: Redefining \nameref on input line 37.
 (Etape1CarteClarObj.out) (Etape1CarteClarObj.out)
\@outlinefile=\write3
\openout3 = `Etape1CarteClarObj.out'.

\c@lstlisting=\count331
\@nomenclaturefile=\write4
\openout4 = `Etape1CarteClarObj.nlo'.

Package nomencl Info: Writing nomenclature file Etape1CarteClarObj.nlo on input
 line 39.
<logos/ECL.png, id=23, 238.8925pt x 298.11375pt>
File: logos/ECL.png Graphic file (type png)
<use logos/ECL.png>
Package pdftex.def Info: logos/ECL.png  used on input line 40.
(pdftex.def)             Requested size: 72.9587pt x 91.04742pt.
<logos/Logo_EPSA_2019.png, id=25, 523.2348pt x 139.11975pt>
File: logos/Logo_EPSA_2019.png Graphic file (type png)
<use logos/Logo_EPSA_2019.png>
Package pdftex.def Info: logos/Logo_EPSA_2019.png  used on input line 40.
(pdftex.def)             Requested size: 342.43787pt x 91.04742pt.
 [1

{C:/Users/Utilisateur/AppData/Local/MiKTeX/fonts/map/pdftex/pdftex.map} <C:/per
so/localtex/tex/latex/EPSA-rap-template/logos/ECL.png> <C:/perso/localtex/tex/l
atex/EPSA-rap-template/logos/Logo_EPSA_2019.png>] (Etape1CarteClarObj.toc)
\tf@toc=\write5
\openout5 = `Etape1CarteClarObj.toc'.

Package hyperref Info: bookmark level for unknown lstlisting defaults to 0 on i
nput line 56.
 (Regle.txt)
File: logos/ECL.png Graphic file (type png)
<use logos/ECL.png>
Package pdftex.def Info: logos/ECL.png  used on input line 64.
(pdftex.def)             Requested size: 25.53827pt x 31.8704pt.
File: logos/Logo_EPSA_2019.png Graphic file (type png)
<use logos/Logo_EPSA_2019.png>
Package pdftex.def Info: logos/Logo_EPSA_2019.png  used on input line 64.
(pdftex.def)             Requested size: 119.86243pt x 31.8704pt.

pdfTeX warning (ext4): destination with the same identifier (name{page.1}) has 
been already used, duplicate ignored
<to be read again> 
                   \relax 
l.64 \textbf{Entrée :}
                        [1]
<schéma.png, id=84, 575.14874pt x 167.62625pt>
File: schéma.png Graphic file (type png)
<use schéma.png>
Package pdftex.def Info: schéma.png  used on input line 92.
(pdftex.def)             Requested size: 455.24411pt x 132.68416pt.
File: logos/ECL.png Graphic file (type png)
<use logos/ECL.png>
Package pdftex.def Info: logos/ECL.png  used on input line 101.
(pdftex.def)             Requested size: 25.53827pt x 31.8704pt.
File: logos/Logo_EPSA_2019.png Graphic file (type png)
<use logos/Logo_EPSA_2019.png>
Package pdftex.def Info: logos/Logo_EPSA_2019.png  used on input line 101.
(pdftex.def)             Requested size: 119.86243pt x 31.8704pt.
 [2 <./schéma.png>]
File: schéma.png Graphic file (type png)
<use schéma.png>
Package pdftex.def Info: schéma.png  used on input line 107.
(pdftex.def)             Requested size: 455.24411pt x 132.68416pt.
File: schéma.png Graphic file (type png)
<use schéma.png>
Package pdftex.def Info: schéma.png  used on input line 114.
(pdftex.def)             Requested size: 455.24411pt x 132.68416pt.
LaTeX Font Info:    Trying to load font information for T1+cmtt on input line 1
30.

(C:\Users\Utilisateur\AppData\Local\Programs\MiKTeX\tex/latex/base\t1cmtt.fd
File: t1cmtt.fd 2019/12/16 v2.5j Standard LaTeX font definitions
)
File: logos/ECL.png Graphic file (type png)
<use logos/ECL.png>
Package pdftex.def Info: logos/ECL.png  used on input line 138.
(pdftex.def)             Requested size: 25.53827pt x 31.8704pt.
File: logos/Logo_EPSA_2019.png Graphic file (type png)
<use logos/Logo_EPSA_2019.png>
Package pdftex.def Info: logos/Logo_EPSA_2019.png  used on input line 138.
(pdftex.def)             Requested size: 119.86243pt x 31.8704pt.

[3] (Etape1CarteClarObj.aux)

LaTeX Warning: Label(s) may have changed. Rerun to get cross-references right.

Package rerunfilecheck Info: File `Etape1CarteClarObj.out' has not changed.
(rerunfilecheck)             Checksum: 36F018210F955BEEE45E95618606ACA3;1096.
 ) 
Here is how much of TeX's memory you used:
 20885 strings out of 478582
 395491 string characters out of 2841513
 1049360 words of memory out of 3000000
 38762 multiletter control sequences out of 15000+600000
 483898 words of font info for 57 fonts, out of 8000000 for 9000
 1141 hyphenation exceptions out of 8191
 125i,16n,120p,418b,1181s stack positions out of 10000i,1000n,20000p,200000b,80000s
 <C:\Users\Utilisateur\AppData\Local\MiKTeX\fonts/pk/ljfour/jknappen/ec/dpi60
0\ectt1200.pk> <C:\Users\Utilisateur\AppData\Local\MiKTeX\fonts/pk/ljfour/jknap
pen/ec/dpi600\eccc1200.pk> <C:\Users\Utilisateur\AppData\Local\MiKTeX\fonts/pk/
ljfour/jknappen/ec/dpi600\tcrm0800.pk> <C:\Users\Utilisateur\AppData\Local\MiKT
eX\fonts/pk/ljfour/jknappen/ec/dpi600\ecrm0800.pk> <C:\Users\Utilisateur\AppDat
a\Local\MiKTeX\fonts/pk/ljfour/jknappen/ec/dpi600\ecbx1200.pk> <C:\Users\Utilis
ateur\AppData\Local\MiKTeX\fonts/pk/ljfour/jknappen/ec/dpi600\ecbx1728.pk> <C:\
Users\Utilisateur\AppData\Local\MiKTeX\fonts/pk/ljfour/jknappen/ec/dpi600\ecrm1
200.pk> <C:\Users\Utilisateur\AppData\Local\MiKTeX\fonts/pk/ljfour/jknappen/ec/
dpi600\ecbx1440.pk> <C:\Users\Utilisateur\AppData\Local\MiKTeX\fonts/pk/ljfour/
jknappen/ec/dpi600\ecrm1440.pk> <C:\Users\Utilisateur\AppData\Local\MiKTeX\font
s/pk/ljfour/jknappen/ec/dpi600\ecbi1440.pk> <C:\Users\Utilisateur\AppData\Local
\MiKTeX\fonts/pk/ljfour/jknappen/ec/dpi600\ecbx2488.pk> <C:\Users\Utilisateur\A
ppData\Local\MiKTeX\fonts/pk/ljfour/jknappen/ec/dpi600\eccc1728.pk> <C:\Users\U
tilisateur\AppData\Local\MiKTeX\fonts/pk/ljfour/jknappen/ec/dpi600\eccc2074.pk>
<C:/Users/Utilisateur/AppData/Local/Programs/MiKTeX/fonts/type1/public/amsfonts
/cm/cmmi12.pfb><C:/Users/Utilisateur/AppData/Local/Programs/MiKTeX/fonts/type1/
public/amsfonts/cm/cmr12.pfb><C:/Users/Utilisateur/AppData/Local/Programs/MiKTe
X/fonts/type1/public/amsfonts/cm/cmsy8.pfb>
Output written on Etape1CarteClarObj.pdf (4 pages, 282183 bytes).
PDF statistics:
 455 PDF objects out of 1000 (max. 8388607)
 40 named destinations out of 1000 (max. 500000)
 56 words of extra memory for PDF output out of 10000 (max. 10000000)

